<?xml version="1.0" encoding="UTF-8"?>
<!-- Generated by org.testng.reporters.JUnitReportReporter -->
<testsuite hostname="Megha" name="com.lo.Testcases.Get_LEED_creditsCreditTest" tests="1" failures="0" timestamp="1 Oct 2018 17:57:33 GMT" time="12.004" errors="0">
  <testcase name="Get_LEED_creditsCredit" time="12.004" classname="com.lo.Testcases.Get_LEED_creditsCreditTest"/>
</testsuite> <!-- com.lo.Testcases.Get_LEED_creditsCreditTest -->
