<?xml version="1.0" encoding="UTF-8"?>
<!-- Generated by org.testng.reporters.JUnitReportReporter -->
<testsuite hostname="Megha" name="com.lo.Testcases.EB_SS109_RainwaterManagementTest" tests="1" failures="0" timestamp="1 Oct 2018 21:06:17 GMT" time="15.061" errors="0">
  <testcase name="Get_LEED_creditsCredit" time="15.061" classname="com.lo.Testcases.EB_SS109_RainwaterManagementTest"/>
</testsuite> <!-- com.lo.Testcases.EB_SS109_RainwaterManagementTest -->
