<?xml version="1.0" encoding="UTF-8"?>
<!-- Generated by org.testng.reporters.JUnitReportReporter -->
<testsuite hostname="Megha" name="com.lo.Testcases.Post_Api_authenticateTest" tests="1" failures="0" timestamp="1 Oct 2018 21:06:17 GMT" time="18.938" errors="0">
  <testcase name="Post_Api_authenticate" time="18.938" classname="com.lo.Testcases.Post_Api_authenticateTest"/>
</testsuite> <!-- com.lo.Testcases.Post_Api_authenticateTest -->
