<?xml version="1.0" encoding="UTF-8"?>
<!-- Generated by org.testng.reporters.JUnitReportReporter -->
<testsuite hostname="Megha" name="com.lo.Testcases.Get_LEED_getCreditsTest" tests="1" failures="0" timestamp="1 Oct 2018 21:06:17 GMT" time="13.108" errors="0">
  <testcase name="Get_LEED_getCredits" time="13.108" classname="com.lo.Testcases.Get_LEED_getCreditsTest"/>
</testsuite> <!-- com.lo.Testcases.Get_LEED_getCreditsTest -->
